[0m10:58:12.594938 [debug] [MainThread]: Sending event: {'category': 'dbt', 'action': 'invocation', 'label': 'start', 'context': [<snowplow_tracker.self_describing_json.SelfDescribingJson object at 0x10bad8210>, <snowplow_tracker.self_describing_json.SelfDescribingJson object at 0x10bac7890>, <snowplow_tracker.self_describing_json.SelfDescribingJson object at 0x10bac7e50>]}


============================== 10:58:12.598434 | f5df8d71-fb7d-4c92-9127-f24886a4e7e4 ==============================
[0m10:58:12.598434 [info ] [MainThread]: Running with dbt=1.11.8
[0m10:58:12.598678 [debug] [MainThread]: running dbt with arguments {'invocation_command': 'dbt init swiss_transport', 'no_print': 'None', 'warn_error_options': 'WarnErrorOptionsV2(error=[], warn=[], silence=[])', 'introspect': 'True', 'use_experimental_parser': 'False', 'static_parser': 'True', 'quiet': 'False', 'target_path': 'None', 'debug': 'False', 'version_check': 'True', 'empty': 'None', 'log_format': 'default', 'partial_parse': 'True', 'write_json': 'True', 'warn_error': 'None', 'use_colors': 'True', 'log_path': 'logs', 'cache_selected_only': 'False', 'printer_width': '80', 'indirect_selection': 'eager', 'log_cache_events': 'False', 'profiles_dir': '/Users/consultez/.dbt', 'fail_fast': 'False', 'send_anonymous_usage_stats': 'True'}
[0m10:58:12.603042 [debug] [MainThread]: Starter project path: /Users/consultez/Desktop/swiss-transport-pipeline/.venv/lib/python3.11/site-packages/dbt/include/starter_project
[0m10:58:12.605981 [info ] [MainThread]: 
Your new dbt project "swiss_transport" was created!

For more information on how to configure the profiles.yml file,
please consult the dbt documentation here:

  https://docs.getdbt.com/docs/configure-your-profile

One more thing:

Need help? Don't hesitate to reach out to us via GitHub issues or on Slack:

  https://community.getdbt.com/

Happy modeling!

[0m10:58:12.606158 [info ] [MainThread]: Setting up your profile.
[0m17:12:45.554337 [debug] [MainThread]: Resource report: {"command_name": "init", "command_success": true, "command_wall_clock_time": 22472.861, "process_in_blocks": "0", "process_kernel_time": 0.196261, "process_mem_max_rss": "120487936", "process_out_blocks": "0", "process_user_time": 0.66705}
[0m17:12:45.555284 [debug] [MainThread]: Command `dbt init` succeeded at 17:12:45.555206 after 22472.87 seconds
[0m17:12:45.555538 [debug] [MainThread]: Sending event: {'category': 'dbt', 'action': 'invocation', 'label': 'end', 'context': [<snowplow_tracker.self_describing_json.SelfDescribingJson object at 0x10baaffd0>, <snowplow_tracker.self_describing_json.SelfDescribingJson object at 0x1029468d0>, <snowplow_tracker.self_describing_json.SelfDescribingJson object at 0x107937c90>]}
[0m17:12:45.555824 [debug] [MainThread]: Flushing usage events
[0m17:12:45.999659 [debug] [MainThread]: An error was encountered while trying to flush usage events
